05:21:32 **** Build of configuration Debug for project CLOCKSYNC ****
make all 
Building file: /media/emjay/20484C78484C4EAA/Programmer/Algospot/CH6_EXAUSTIVE_SEARCH/CLOCKSYNC_P168/main.cpp
Invoking: GCC C++ Compiler
g++ -O0 -g3 -Wall -c -fmessage-length=0 -MMD -MP -MF"main.d" -MT"main.o" -o "main.o" "/media/emjay/20484C78484C4EAA/Programmer/Algospot/CH6_EXAUSTIVE_SEARCH/CLOCKSYNC_P168/main.cpp"
/media/emjay/20484C78484C4EAA/Programmer/Algospot/CH6_EXAUSTIVE_SEARCH/CLOCKSYNC_P168/main.cpp:6:1: warning: identifier ‘constexpr’ is a keyword in C++11 [-Wc++0x-compat]
 constexpr int INF = 987654321;      
 ^
/media/emjay/20484C78484C4EAA/Programmer/Algospot/CH6_EXAUSTIVE_SEARCH/CLOCKSYNC_P168/main.cpp:6:1: error: ‘constexpr’ does not name a type
/media/emjay/20484C78484C4EAA/Programmer/Algospot/CH6_EXAUSTIVE_SEARCH/CLOCKSYNC_P168/main.cpp:6:1: note: C++11 ‘constexpr’ only available with -std=c++11 or -std=gnu++11
/media/emjay/20484C78484C4EAA/Programmer/Algospot/CH6_EXAUSTIVE_SEARCH/CLOCKSYNC_P168/main.cpp: In function ‘int min_push(int*, int, int)’:
/media/emjay/20484C78484C4EAA/Programmer/Algospot/CH6_EXAUSTIVE_SEARCH/CLOCKSYNC_P168/main.cpp:56:20: error: ‘INF’ was not declared in this scope
   if(sw >9) return INF;
                    ^
/media/emjay/20484C78484C4EAA/Programmer/Algospot/CH6_EXAUSTIVE_SEARCH/CLOCKSYNC_P168/main.cpp:58:13: error: ‘INF’ was not declared in this scope
   int ret = INF;
             ^
make: *** [main.o] Error 1
subdir.mk:18: recipe for target 'main.o' failed
05:22:09 **** Incremental Build of configuration Debug for project CLOCKSYNC ****
make all 
Building file: /media/emjay/20484C78484C4EAA/Programmer/Algospot/CH6_EXAUSTIVE_SEARCH/CLOCKSYNC_P168/main.cpp
Invoking: GCC C++ Compiler
g++ -std=c++1y -O0 -g3 -Wall -c -fmessage-length=0 -MMD -MP -MF"main.d" -MT"main.o" -o "main.o" "/media/emjay/20484C78484C4EAA/Programmer/Algospot/CH6_EXAUSTIVE_SEARCH/CLOCKSYNC_P168/main.cpp"
/media/emjay/20484C78484C4EAA/Programmer/Algospot/CH6_EXAUSTIVE_SEARCH/CLOCKSYNC_P168/main.cpp: In function ‘int min_push(int*, int, int)’:
/media/emjay/20484C78484C4EAA/Programmer/Algospot/CH6_EXAUSTIVE_SEARCH/CLOCKSYNC_P168/main.cpp:70:1: warning: control reaches end of non-void function [-Wreturn-type]
 }
 ^
Finished building: /media/emjay/20484C78484C4EAA/Programmer/Algospot/CH6_EXAUSTIVE_SEARCH/CLOCKSYNC_P168/main.cpp
 
Building target: CLOCKSYNC
Invoking: GCC C++ Linker
g++  -o "CLOCKSYNC"  ./main.o   
Finished building target: CLOCKSYNC
 
05:25:48 **** Incremental Build of configuration Debug for project CLOCKSYNC ****
make all 
Building file: /media/emjay/20484C78484C4EAA/Programmer/Algospot/CH6_EXAUSTIVE_SEARCH/CLOCKSYNC_P168/main.cpp
Invoking: GCC C++ Compiler
g++ -std=c++1y -O0 -g3 -Wall -c -fmessage-length=0 -MMD -MP -MF"main.d" -MT"main.o" -o "main.o" "/media/emjay/20484C78484C4EAA/Programmer/Algospot/CH6_EXAUSTIVE_SEARCH/CLOCKSYNC_P168/main.cpp"
/media/emjay/20484C78484C4EAA/Programmer/Algospot/CH6_EXAUSTIVE_SEARCH/CLOCKSYNC_P168/main.cpp: In function ‘int min_push(int*, int, int)’:
/media/emjay/20484C78484C4EAA/Programmer/Algospot/CH6_EXAUSTIVE_SEARCH/CLOCKSYNC_P168/main.cpp:72:1: warning: control reaches end of non-void function [-Wreturn-type]
 }
 ^
Finished building: /media/emjay/20484C78484C4EAA/Programmer/Algospot/CH6_EXAUSTIVE_SEARCH/CLOCKSYNC_P168/main.cpp
 
Building target: CLOCKSYNC
Invoking: GCC C++ Linker
g++  -o "CLOCKSYNC"  ./main.o   
Finished building target: CLOCKSYNC
 
05:25:50 **** Incremental Build of configuration Debug for project CLOCKSYNC ****
make all 
make: Nothing to be done for 'all'.
05:26:55 **** Incremental Build of configuration Debug for project CLOCKSYNC ****
make all 
make: Nothing to be done for 'all'.
05:29:27 **** Incremental Build of configuration Debug for project CLOCKSYNC ****
make all 
make: Nothing to be done for 'all'.
05:29:37 **** Incremental Build of configuration Debug for project CLOCKSYNC ****
make all 
make: Nothing to be done for 'all'.
05:30:24 **** Incremental Build of configuration Debug for project CLOCKSYNC ****
make all 
Building file: /media/emjay/20484C78484C4EAA/Programmer/Algospot/CH6_EXAUSTIVE_SEARCH/CLOCKSYNC_P168/main.cpp
Invoking: GCC C++ Compiler
g++ -std=c++1y -O0 -g3 -Wall -c -fmessage-length=0 -MMD -MP -MF"main.d" -MT"main.o" -o "main.o" "/media/emjay/20484C78484C4EAA/Programmer/Algospot/CH6_EXAUSTIVE_SEARCH/CLOCKSYNC_P168/main.cpp"
/media/emjay/20484C78484C4EAA/Programmer/Algospot/CH6_EXAUSTIVE_SEARCH/CLOCKSYNC_P168/main.cpp: In function ‘int min_push(int*, int, int)’:
/media/emjay/20484C78484C4EAA/Programmer/Algospot/CH6_EXAUSTIVE_SEARCH/CLOCKSYNC_P168/main.cpp:72:1: warning: control reaches end of non-void function [-Wreturn-type]
 }
 ^
Finished building: /media/emjay/20484C78484C4EAA/Programmer/Algospot/CH6_EXAUSTIVE_SEARCH/CLOCKSYNC_P168/main.cpp
 
Building target: CLOCKSYNC
Invoking: GCC C++ Linker
g++  -o "CLOCKSYNC"  ./main.o   
Finished building target: CLOCKSYNC
 
05:36:51 **** Incremental Build of configuration Debug for project CLOCKSYNC ****
make all 
Building file: /media/emjay/20484C78484C4EAA/Programmer/Algospot/CH6_EXAUSTIVE_SEARCH/CLOCKSYNC_P168/main.cpp
Invoking: GCC C++ Compiler
g++ -std=c++1y -O0 -g3 -Wall -c -fmessage-length=0 -MMD -MP -MF"main.d" -MT"main.o" -o "main.o" "/media/emjay/20484C78484C4EAA/Programmer/Algospot/CH6_EXAUSTIVE_SEARCH/CLOCKSYNC_P168/main.cpp"
/media/emjay/20484C78484C4EAA/Programmer/Algospot/CH6_EXAUSTIVE_SEARCH/CLOCKSYNC_P168/main.cpp: In function ‘int min_push(int*, int, int)’:
/media/emjay/20484C78484C4EAA/Programmer/Algospot/CH6_EXAUSTIVE_SEARCH/CLOCKSYNC_P168/main.cpp:72:1: warning: control reaches end of non-void function [-Wreturn-type]
 }
 ^
Finished building: /media/emjay/20484C78484C4EAA/Programmer/Algospot/CH6_EXAUSTIVE_SEARCH/CLOCKSYNC_P168/main.cpp
 
Building target: CLOCKSYNC
Invoking: GCC C++ Linker
g++  -o "CLOCKSYNC"  ./main.o   
Finished building target: CLOCKSYNC
 
05:37:02 **** Incremental Build of configuration Debug for project CLOCKSYNC ****
make all 
make: Nothing to be done for 'all'.
05:37:04 **** Incremental Build of configuration Debug for project CLOCKSYNC ****
make all 
make: Nothing to be done for 'all'.
05:37:43 **** Incremental Build of configuration Debug for project CLOCKSYNC ****
make all 
make: Nothing to be done for 'all'.
05:41:23 **** Incremental Build of configuration Debug for project CLOCKSYNC ****
make all 
Building file: /media/emjay/20484C78484C4EAA/Programmer/Algospot/CH6_EXAUSTIVE_SEARCH/CLOCKSYNC_P168/main.cpp
Invoking: GCC C++ Compiler
g++ -std=c++1y -O0 -g3 -Wall -c -fmessage-length=0 -MMD -MP -MF"main.d" -MT"main.o" -o "main.o" "/media/emjay/20484C78484C4EAA/Programmer/Algospot/CH6_EXAUSTIVE_SEARCH/CLOCKSYNC_P168/main.cpp"
/media/emjay/20484C78484C4EAA/Programmer/Algospot/CH6_EXAUSTIVE_SEARCH/CLOCKSYNC_P168/main.cpp: In function ‘int min_push(int*, int, int)’:
/media/emjay/20484C78484C4EAA/Programmer/Algospot/CH6_EXAUSTIVE_SEARCH/CLOCKSYNC_P168/main.cpp:74:1: warning: control reaches end of non-void function [-Wreturn-type]
 }
 ^
Finished building: /media/emjay/20484C78484C4EAA/Programmer/Algospot/CH6_EXAUSTIVE_SEARCH/CLOCKSYNC_P168/main.cpp
 
Building target: CLOCKSYNC
Invoking: GCC C++ Linker
g++  -o "CLOCKSYNC"  ./main.o   
Finished building target: CLOCKSYNC
 
05:41:26 **** Incremental Build of configuration Debug for project CLOCKSYNC ****
make all 
make: Nothing to be done for 'all'.
05:41:36 **** Incremental Build of configuration Debug for project CLOCKSYNC ****
make all 
Building file: /media/emjay/20484C78484C4EAA/Programmer/Algospot/CH6_EXAUSTIVE_SEARCH/CLOCKSYNC_P168/main.cpp
Invoking: GCC C++ Compiler
g++ -std=c++1y -O0 -g3 -Wall -c -fmessage-length=0 -MMD -MP -MF"main.d" -MT"main.o" -o "main.o" "/media/emjay/20484C78484C4EAA/Programmer/Algospot/CH6_EXAUSTIVE_SEARCH/CLOCKSYNC_P168/main.cpp"
/media/emjay/20484C78484C4EAA/Programmer/Algospot/CH6_EXAUSTIVE_SEARCH/CLOCKSYNC_P168/main.cpp: In function ‘int min_push(int*, int, int)’:
/media/emjay/20484C78484C4EAA/Programmer/Algospot/CH6_EXAUSTIVE_SEARCH/CLOCKSYNC_P168/main.cpp:74:1: warning: control reaches end of non-void function [-Wreturn-type]
 }
 ^
Finished building: /media/emjay/20484C78484C4EAA/Programmer/Algospot/CH6_EXAUSTIVE_SEARCH/CLOCKSYNC_P168/main.cpp
 
Building target: CLOCKSYNC
Invoking: GCC C++ Linker
g++  -o "CLOCKSYNC"  ./main.o   
Finished building target: CLOCKSYNC
 
05:41:38 **** Incremental Build of configuration Debug for project CLOCKSYNC ****
make all 
make: Nothing to be done for 'all'.
05:41:44 **** Incremental Build of configuration Debug for project CLOCKSYNC ****
make all 
Building file: /media/emjay/20484C78484C4EAA/Programmer/Algospot/CH6_EXAUSTIVE_SEARCH/CLOCKSYNC_P168/main.cpp
Invoking: GCC C++ Compiler
g++ -std=c++1y -O0 -g3 -Wall -c -fmessage-length=0 -MMD -MP -MF"main.d" -MT"main.o" -o "main.o" "/media/emjay/20484C78484C4EAA/Programmer/Algospot/CH6_EXAUSTIVE_SEARCH/CLOCKSYNC_P168/main.cpp"
/media/emjay/20484C78484C4EAA/Programmer/Algospot/CH6_EXAUSTIVE_SEARCH/CLOCKSYNC_P168/main.cpp: In function ‘int min_push(int*, int, int)’:
/media/emjay/20484C78484C4EAA/Programmer/Algospot/CH6_EXAUSTIVE_SEARCH/CLOCKSYNC_P168/main.cpp:74:1: warning: control reaches end of non-void function [-Wreturn-type]
 }
 ^
Finished building: /media/emjay/20484C78484C4EAA/Programmer/Algospot/CH6_EXAUSTIVE_SEARCH/CLOCKSYNC_P168/main.cpp
 
Building target: CLOCKSYNC
Invoking: GCC C++ Linker
g++  -o "CLOCKSYNC"  ./main.o   
Finished building target: CLOCKSYNC
 
05:41:46 **** Incremental Build of configuration Debug for project CLOCKSYNC ****
make all 
make: Nothing to be done for 'all'.
05:46:46 **** Incremental Build of configuration Debug for project CLOCKSYNC ****
make all 
Building file: /media/emjay/20484C78484C4EAA/Programmer/Algospot/CH6_EXAUSTIVE_SEARCH/CLOCKSYNC_P168/main.cpp
Invoking: GCC C++ Compiler
g++ -std=c++1y -O0 -g3 -Wall -c -fmessage-length=0 -MMD -MP -MF"main.d" -MT"main.o" -o "main.o" "/media/emjay/20484C78484C4EAA/Programmer/Algospot/CH6_EXAUSTIVE_SEARCH/CLOCKSYNC_P168/main.cpp"
/media/emjay/20484C78484C4EAA/Programmer/Algospot/CH6_EXAUSTIVE_SEARCH/CLOCKSYNC_P168/main.cpp: In function ‘int min_push(int*, int, int)’:
/media/emjay/20484C78484C4EAA/Programmer/Algospot/CH6_EXAUSTIVE_SEARCH/CLOCKSYNC_P168/main.cpp:74:1: warning: control reaches end of non-void function [-Wreturn-type]
 }
 ^
Finished building: /media/emjay/20484C78484C4EAA/Programmer/Algospot/CH6_EXAUSTIVE_SEARCH/CLOCKSYNC_P168/main.cpp
 
Building target: CLOCKSYNC
Invoking: GCC C++ Linker
g++  -o "CLOCKSYNC"  ./main.o   
Finished building target: CLOCKSYNC
 
05:47:32 **** Incremental Build of configuration Debug for project CLOCKSYNC ****
make all 
Building file: /media/emjay/20484C78484C4EAA/Programmer/Algospot/CH6_EXAUSTIVE_SEARCH/CLOCKSYNC_P168/main.cpp
Invoking: GCC C++ Compiler
g++ -std=c++1y -O0 -g3 -Wall -c -fmessage-length=0 -MMD -MP -MF"main.d" -MT"main.o" -o "main.o" "/media/emjay/20484C78484C4EAA/Programmer/Algospot/CH6_EXAUSTIVE_SEARCH/CLOCKSYNC_P168/main.cpp"
/media/emjay/20484C78484C4EAA/Programmer/Algospot/CH6_EXAUSTIVE_SEARCH/CLOCKSYNC_P168/main.cpp: In function ‘int min_push(int*, int, int)’:
/media/emjay/20484C78484C4EAA/Programmer/Algospot/CH6_EXAUSTIVE_SEARCH/CLOCKSYNC_P168/main.cpp:74:1: warning: control reaches end of non-void function [-Wreturn-type]
 }
 ^
Finished building: /media/emjay/20484C78484C4EAA/Programmer/Algospot/CH6_EXAUSTIVE_SEARCH/CLOCKSYNC_P168/main.cpp
 
Building target: CLOCKSYNC
Invoking: GCC C++ Linker
g++  -o "CLOCKSYNC"  ./main.o   
Finished building target: CLOCKSYNC
 
05:47:53 **** Incremental Build of configuration Debug for project CLOCKSYNC ****
make all 
Building file: /media/emjay/20484C78484C4EAA/Programmer/Algospot/CH6_EXAUSTIVE_SEARCH/CLOCKSYNC_P168/main.cpp
Invoking: GCC C++ Compiler
g++ -std=c++1y -O0 -g3 -Wall -c -fmessage-length=0 -MMD -MP -MF"main.d" -MT"main.o" -o "main.o" "/media/emjay/20484C78484C4EAA/Programmer/Algospot/CH6_EXAUSTIVE_SEARCH/CLOCKSYNC_P168/main.cpp"
/media/emjay/20484C78484C4EAA/Programmer/Algospot/CH6_EXAUSTIVE_SEARCH/CLOCKSYNC_P168/main.cpp: In function ‘int min_push(int*, int, int)’:
/media/emjay/20484C78484C4EAA/Programmer/Algospot/CH6_EXAUSTIVE_SEARCH/CLOCKSYNC_P168/main.cpp:74:1: warning: control reaches end of non-void function [-Wreturn-type]
 }
 ^
Finished building: /media/emjay/20484C78484C4EAA/Programmer/Algospot/CH6_EXAUSTIVE_SEARCH/CLOCKSYNC_P168/main.cpp
 
Building target: CLOCKSYNC
Invoking: GCC C++ Linker
g++  -o "CLOCKSYNC"  ./main.o   
Finished building target: CLOCKSYNC
 
05:48:42 **** Incremental Build of configuration Debug for project CLOCKSYNC ****
make all 
make: Nothing to be done for 'all'.
05:49:26 **** Incremental Build of configuration Debug for project CLOCKSYNC ****
make all 
Building file: /media/emjay/20484C78484C4EAA/Programmer/Algospot/CH6_EXAUSTIVE_SEARCH/CLOCKSYNC_P168/main.cpp
Invoking: GCC C++ Compiler
g++ -std=c++1y -O0 -g3 -Wall -c -fmessage-length=0 -MMD -MP -MF"main.d" -MT"main.o" -o "main.o" "/media/emjay/20484C78484C4EAA/Programmer/Algospot/CH6_EXAUSTIVE_SEARCH/CLOCKSYNC_P168/main.cpp"
Finished building: /media/emjay/20484C78484C4EAA/Programmer/Algospot/CH6_EXAUSTIVE_SEARCH/CLOCKSYNC_P168/main.cpp
 
Building target: CLOCKSYNC
Invoking: GCC C++ Linker
g++  -o "CLOCKSYNC"  ./main.o   
Finished building target: CLOCKSYNC
 
05:49:28 **** Incremental Build of configuration Debug for project CLOCKSYNC ****
make all 
make: Nothing to be done for 'all'.
05:49:50 **** Incremental Build of configuration Debug for project CLOCKSYNC ****
make all 
Building file: /media/emjay/20484C78484C4EAA/Programmer/Algospot/CH6_EXAUSTIVE_SEARCH/CLOCKSYNC_P168/main.cpp
Invoking: GCC C++ Compiler
g++ -std=c++1y -O0 -g3 -Wall -c -fmessage-length=0 -MMD -MP -MF"main.d" -MT"main.o" -o "main.o" "/media/emjay/20484C78484C4EAA/Programmer/Algospot/CH6_EXAUSTIVE_SEARCH/CLOCKSYNC_P168/main.cpp"
Finished building: /media/emjay/20484C78484C4EAA/Programmer/Algospot/CH6_EXAUSTIVE_SEARCH/CLOCKSYNC_P168/main.cpp
 
Building target: CLOCKSYNC
Invoking: GCC C++ Linker
g++  -o "CLOCKSYNC"  ./main.o   
Finished building target: CLOCKSYNC
 
05:49:59 **** Incremental Build of configuration Debug for project CLOCKSYNC ****
make all 
make: Nothing to be done for 'all'.
05:52:41 **** Incremental Build of configuration Debug for project CLOCKSYNC ****
make all 
Building file: /media/emjay/20484C78484C4EAA/Programmer/Algospot/CH6_EXAUSTIVE_SEARCH/CLOCKSYNC_P168/main.cpp
Invoking: GCC C++ Compiler
g++ -std=c++1y -O0 -g3 -Wall -c -fmessage-length=0 -MMD -MP -MF"main.d" -MT"main.o" -o "main.o" "/media/emjay/20484C78484C4EAA/Programmer/Algospot/CH6_EXAUSTIVE_SEARCH/CLOCKSYNC_P168/main.cpp"
Finished building: /media/emjay/20484C78484C4EAA/Programmer/Algospot/CH6_EXAUSTIVE_SEARCH/CLOCKSYNC_P168/main.cpp
 
Building target: CLOCKSYNC
Invoking: GCC C++ Linker
g++  -o "CLOCKSYNC"  ./main.o   
Finished building target: CLOCKSYNC
 
05:52:43 **** Incremental Build of configuration Debug for project CLOCKSYNC ****
make all 
make: Nothing to be done for 'all'.
